TN:
SF:src/base_contract.ts
FN:38,BaseContract
FN:45,providerIsSigner
FNF:2
FNH:2
FNDA:2,BaseContract
FNDA:3,providerIsSigner
DA:1,1
DA:2,1
DA:3,1
DA:4,1
DA:5,1
DA:6,1
DA:7,1
DA:8,1
DA:9,1
DA:10,1
DA:11,1
DA:12,1
DA:13,1
DA:14,1
DA:15,1
DA:16,1
DA:17,1
DA:18,1
DA:19,1
DA:20,1
DA:21,1
DA:22,1
DA:23,1
DA:24,1
DA:25,1
DA:26,1
DA:27,1
DA:28,1
DA:29,1
DA:30,1
DA:31,1
DA:32,1
DA:33,1
DA:34,1
DA:35,1
DA:36,1
DA:37,1
DA:38,1
DA:39,2
DA:40,2
DA:41,2
DA:42,2
DA:43,2
DA:44,1
DA:45,1
DA:46,3
DA:47,3
DA:48,3
DA:49,1
LF:49
LH:49
BRDA:38,0,0,2
BRDA:45,1,0,3
BRF:2
BRH:2
end_of_record
TN:
SF:src/erc20.ts
FN:9,ERC20
FN:13,name
FN:19,symbol
FN:25,decimals
FN:31,totalSupply
FN:37,balanceOf
FN:46,transfer
FN:51,allowance
FN:61,approve
FN:66,transferFrom
FNF:10
FNH:10
FNDA:1,ERC20
FNDA:1,name
FNDA:1,symbol
FNDA:1,decimals
FNDA:3,totalSupply
FNDA:3,balanceOf
FNDA:1,transfer
FNDA:1,allowance
FNDA:1,approve
FNDA:1,transferFrom
DA:1,1
DA:2,1
DA:3,1
DA:4,1
DA:5,1
DA:6,1
DA:7,1
DA:8,1
DA:9,1
DA:10,1
DA:11,1
DA:12,1
DA:13,1
DA:14,1
DA:15,1
DA:16,1
DA:17,1
DA:18,1
DA:19,1
DA:20,1
DA:21,1
DA:22,1
DA:23,1
DA:24,1
DA:25,1
DA:26,1
DA:27,1
DA:28,1
DA:29,1
DA:30,1
DA:31,1
DA:32,3
DA:33,3
DA:34,3
DA:35,3
DA:36,1
DA:37,1
DA:38,3
DA:39,3
DA:40,3
DA:41,3
DA:42,3
DA:43,3
DA:44,3
DA:45,1
DA:46,1
DA:47,1
DA:48,1
DA:49,1
DA:50,1
DA:51,1
DA:52,1
DA:53,1
DA:54,1
DA:55,1
DA:56,1
DA:57,1
DA:58,1
DA:59,1
DA:60,1
DA:61,1
DA:62,1
DA:63,1
DA:64,1
DA:65,1
DA:66,1
DA:67,1
DA:68,1
DA:69,1
DA:70,1
DA:71,1
DA:72,1
DA:73,1
DA:74,1
LF:74
LH:74
BRDA:9,0,0,1
BRDA:13,1,0,1
BRDA:19,2,0,1
BRDA:25,3,0,1
BRDA:31,4,0,3
BRDA:37,5,0,3
BRDA:46,6,0,1
BRDA:51,7,0,1
BRDA:61,8,0,1
BRDA:66,9,0,1
BRF:10
BRH:10
end_of_record
TN:
SF:src/index.ts
FN:22,get
FNF:1
FNH:1
FNDA:1,get
DA:1,1
DA:2,1
DA:3,1
DA:4,1
DA:5,1
DA:6,1
DA:7,1
DA:8,1
DA:9,1
DA:10,1
DA:11,1
DA:12,1
DA:13,1
DA:14,1
DA:15,1
DA:16,1
DA:17,1
DA:18,1
DA:19,1
DA:20,1
DA:21,1
DA:22,1
LF:22
LH:22
BRDA:22,0,0,1
BRF:1
BRH:1
end_of_record
